2024-12-01 03:18:42,338 INFO [31m[1mWARNING: This is a development server. Do not use it in a production deployment. Use a production WSGI server instead.[0m
 * Running on http://127.0.0.1:5000
2024-12-01 03:18:42,338 INFO [33mPress CTRL+C to quit[0m
2024-12-01 03:18:42,345 INFO  * Restarting with stat
2024-12-01 03:18:42,769 WARNING  * Debugger is active!
2024-12-01 03:18:42,779 INFO  * Debugger PIN: 887-537-577
2024-12-01 03:19:10,932 INFO 127.0.0.1 - - [01/Dec/2024 03:19:10] "[31m[1mGET / HTTP/1.1[0m" 401 -
2024-12-01 03:19:56,769 INFO  * Detected change in 'c:\\Users\\Aditya Das\\Flaskfolder\\my_flask_app\\app.py', reloading
2024-12-01 03:19:56,812 INFO  * Restarting with stat
2024-12-01 03:26:45,266 INFO [31m[1mWARNING: This is a development server. Do not use it in a production deployment. Use a production WSGI server instead.[0m
 * Running on http://127.0.0.1:5000
2024-12-01 03:26:45,267 INFO [33mPress CTRL+C to quit[0m
2024-12-01 03:26:45,274 INFO  * Restarting with stat
2024-12-01 03:26:45,764 WARNING  * Debugger is active!
2024-12-01 03:26:45,778 INFO  * Debugger PIN: 887-537-577
2024-12-01 03:27:17,542 INFO 127.0.0.1 - - [01/Dec/2024 03:27:17] "[31m[1mGET / HTTP/1.1[0m" 401 -
2024-12-01 03:27:45,940 INFO  * Detected change in 'c:\\Users\\Aditya Das\\Flaskfolder\\my_flask_app\\config.py', reloading
2024-12-01 03:27:45,978 INFO  * Restarting with stat
2024-12-01 03:27:46,400 WARNING  * Debugger is active!
2024-12-01 03:27:46,410 INFO  * Debugger PIN: 887-537-577
2024-12-01 03:27:49,531 INFO  * Detected change in 'c:\\Users\\Aditya Das\\Flaskfolder\\my_flask_app\\app.py', reloading
2024-12-01 03:27:49,565 INFO  * Restarting with stat
2024-12-01 03:27:50,029 WARNING  * Debugger is active!
2024-12-01 03:27:50,037 INFO  * Debugger PIN: 887-537-577
2024-12-01 03:28:39,900 INFO 127.0.0.1 - - [01/Dec/2024 03:28:39] "[31m[1mGET / HTTP/1.1[0m" 401 -
2024-12-01 03:31:07,682 INFO  * Detected change in 'c:\\Users\\Aditya Das\\Flaskfolder\\my_flask_app\\app.py', reloading
2024-12-01 03:31:07,725 INFO  * Restarting with stat
